\BOOKMARK [1][]{section.1}{Breakfast}{}% 1
\BOOKMARK [2][]{section*.2}{Banana Bread Cake Pops}{section.1}% 2
\BOOKMARK [2][]{section*.3}{Starbucks Copycat Blueberry Muffins}{section.1}% 3
\BOOKMARK [2][]{section*.4}{Chocolate Peanut Butter Overnight Oats}{section.1}% 4
\BOOKMARK [2][]{section*.5}{Mocha Overnight Oats}{section.1}% 5
\BOOKMARK [2][]{section*.6}{Pumpkin Casserole Overnight Oats}{section.1}% 6
\BOOKMARK [2][]{section*.7}{Cornbread Quiche}{section.1}% 7
\BOOKMARK [2][]{section*.8}{Refrigerator Rolls}{section.1}% 8
\BOOKMARK [2][]{section*.9}{Texas Kolaches}{section.1}% 9
\BOOKMARK [1][]{section.2}{Pasta Sauces}{}% 10
\BOOKMARK [2][]{section*.10}{Creamy Tomato Garlic Butter Shrimp}{section.2}% 11
\BOOKMARK [2][]{section*.11}{Italian Meat Sauce}{section.2}% 12
\BOOKMARK [2][]{section*.12}{Marinara Sauce}{section.2}% 13
\BOOKMARK [2][]{section*.13}{Penne Alla Vodka}{section.2}% 14
\BOOKMARK [2][]{section*.14}{Penne Rosa}{section.2}% 15
\BOOKMARK [2][]{section*.15}{Tuscan Fresca}{section.2}% 16
\BOOKMARK [1][]{section.3}{European}{}% 17
\BOOKMARK [2][]{section*.16}{French Onion Soup}{section.3}% 18
\BOOKMARK [2][]{section*.17}{Hachis Parmentier}{section.3}% 19
\BOOKMARK [2][]{section*.18}{Slow Cooker Parmesan Risotto}{section.3}% 20
\BOOKMARK [1][]{section.4}{Asian}{}% 21
\BOOKMARK [2][]{section*.19}{Broiled Salmon with Thai Sweet Chili Glaze}{section.4}% 22
\BOOKMARK [2][]{section*.20}{Thai Red Curry}{section.4}% 23
\BOOKMARK [2][]{section*.21}{Butter Chicken}{section.4}% 24
\BOOKMARK [2][]{section*.22}{Wonton Soup}{section.4}% 25
\BOOKMARK [1][]{section.5}{Americana}{}% 26
\BOOKMARK [2][]{section*.23}{Old-Fashioned Beef Stew}{section.5}% 27
\BOOKMARK [2][]{section*.24}{Bison Burger}{section.5}% 28
\BOOKMARK [2][]{section*.25}{Chicken Burger}{section.5}% 29
\BOOKMARK [2][]{section*.26}{Chicken and Broccoli Braid}{section.5}% 30
\BOOKMARK [2][]{section*.27}{Dad's Lasagna}{section.5}% 31
\BOOKMARK [2][]{section*.28}{Roast Beef}{section.5}% 32
\BOOKMARK [2][]{section*.29}{Salsa Rice}{section.5}% 33
\BOOKMARK [2][]{section*.30}{Slow Cooker Coke Pulled Pork}{section.5}% 34
\BOOKMARK [2][]{section*.31}{Taco Fiesta Chicken Lasagna}{section.5}% 35
\BOOKMARK [2][]{section*.32}{Treebeards' Shrimp Etouffee}{section.5}% 36
\BOOKMARK [2][]{section*.33}{Treebeards' Shrimp}{section.5}% 37
\BOOKMARK [2][]{section*.34}{Treebeards' Shrimp Base}{section.5}% 38
\BOOKMARK [1][]{section.6}{Sides}{}% 39
\BOOKMARK [2][]{section*.35}{Bread and Butter Pickles}{section.6}% 40
\BOOKMARK [2][]{section*.36}{Coconut Rice}{section.6}% 41
\BOOKMARK [2][]{section*.37}{Mashed Potatoes and Parsnips}{section.6}% 42
\BOOKMARK [2][]{section*.38}{Roasted Broccoli}{section.6}% 43
\BOOKMARK [2][]{section*.39}{Shredded Chicken Breast}{section.6}% 44
\BOOKMARK [2][]{section*.40}{Stuffing}{section.6}% 45
\BOOKMARK [2][]{section*.41}{Sweet Potato Casserole}{section.6}% 46
\BOOKMARK [1][]{section.7}{Bread}{}% 47
\BOOKMARK [2][]{section*.42}{Feeding the Starter}{section.7}% 48
\BOOKMARK [2][]{section*.43}{Zingerman's Levain}{section.7}% 49
\BOOKMARK [2][]{section*.44}{Better Than San Francisco Sourdough Bread}{section.7}% 50
\BOOKMARK [2][]{section*.45}{Sourdough Banana Bread}{section.7}% 51
\BOOKMARK [2][]{section*.46}{Cinnamon Raisin Sourdough Bread}{section.7}% 52
\BOOKMARK [2][]{section*.47}{Double Chocolate Banana Bread}{section.7}% 53
\BOOKMARK [2][]{section*.48}{Farm Bread}{section.7}% 54
\BOOKMARK [2][]{section*.49}{Garlic Naan}{section.7}% 55
\BOOKMARK [2][]{section*.50}{Mom's Pumpkin Bread}{section.7}% 56
\BOOKMARK [2][]{section*.51}{Sourdough Waffles or Pancakes}{section.7}% 57
\BOOKMARK [1][]{section.8}{Dressings and Sauces}{}% 58
\BOOKMARK [2][]{section*.52}{Caesar Pesto}{section.8}% 59
\BOOKMARK [2][]{section*.53}{Dumpling Sauce}{section.8}% 60
\BOOKMARK [2][]{section*.54}{Red Pepper Aioli}{section.8}% 61
\BOOKMARK [1][]{section.9}{Desserts}{}% 62
\BOOKMARK [2][]{section*.55}{Apple Crisp}{section.9}% 63
\BOOKMARK [2][]{section*.56}{Chocolate Chip Cookies}{section.9}% 64
\BOOKMARK [2][]{section*.57}{All-Occasion Cutout Cookies}{section.9}% 65
\BOOKMARK [2][]{section*.58}{Huckleberry Buckle}{section.9}% 66
\BOOKMARK [2][]{section*.59}{King Arthur's Lava Cakes}{section.9}% 67
\BOOKMARK [2][]{section*.60}{Peanut Butter \046 Chocolate Kisses}{section.9}% 68
\BOOKMARK [2][]{section*.61}{Peanut Butter Cookies}{section.9}% 69
\BOOKMARK [2][]{section*.62}{S'mores Hershey Kiss Cookies}{section.9}% 70
\BOOKMARK [2][]{section*.63}{Mrs. Arnold's Spritz Cookies}{section.9}% 71
\BOOKMARK [2][]{section*.64}{Tiramisu}{section.9}% 72
\BOOKMARK [1][]{section.10}{Beverages}{}% 73
\BOOKMARK [2][]{section*.65}{1855 Champagne Cocktail}{section.10}% 74
\BOOKMARK [2][]{section*.66}{Bourbon Manhattan}{section.10}% 75
\BOOKMARK [2][]{section*.67}{Iced Green Jasmine Tea}{section.10}% 76
\BOOKMARK [2][]{section*.68}{Masala Chai}{section.10}% 77
\BOOKMARK [2][]{section*.69}{Mocha Frappuccino}{section.10}% 78
\BOOKMARK [2][]{section*.70}{Peanut Butter Cup Smoothie}{section.10}% 79
\BOOKMARK [2][]{section*.71}{Red Eye Martini}{section.10}% 80
\BOOKMARK [2][]{section*.72}{Sangria}{section.10}% 81
\BOOKMARK [2][]{section*.73}{Thai Tea}{section.10}% 82
\BOOKMARK [2][]{section*.74}{Tiramisu Martini}{section.10}% 83
